<?xml version="1.0" encoding="UTF-8"?>
<testng-results ignored="0" total="2" passed="2" failed="0" skipped="0">
  <reporter-output>
  </reporter-output>
  <suite started-at="2024-01-15T12:39:27 IST" name="BDD Cucumber" finished-at="2024-01-15T12:41:04 IST" duration-ms="97299">
    <groups>
    </groups>
    <test started-at="2024-01-15T12:39:27 IST" name="Scenarios" finished-at="2024-01-15T12:41:04 IST" duration-ms="97299">
      <class name="testsuite.DriverScript">
        <test-method is-config="true" signature="setUpClass()[pri:0, instance:testsuite.DriverScript@ffaa6af]" started-at="2024-01-15T12:39:27 IST" name="setUpClass" finished-at="2024-01-15T12:39:27 IST" duration-ms="569" status="PASS">
          <reporter-output>
          </reporter-output>
        </test-method> <!-- setUpClass -->
        <test-method signature="feature(cucumber.api.testng.CucumberFeatureWrapper)[pri:0, instance:testsuite.DriverScript@ffaa6af]" started-at="2024-01-15T12:39:28 IST" name="feature" data-provider="features" finished-at="2024-01-15T12:39:59 IST" duration-ms="31720" status="PASS">
          <params>
            <param index="0">
              <value>
                <![CDATA[Login and Logout functionality]]>
              </value>
            </param>
          </params>
          <reporter-output>
          </reporter-output>
        </test-method> <!-- feature -->
        <test-method signature="feature(cucumber.api.testng.CucumberFeatureWrapper)[pri:0, instance:testsuite.DriverScript@ffaa6af]" started-at="2024-01-15T12:39:59 IST" name="feature" data-provider="features" finished-at="2024-01-15T12:41:03 IST" duration-ms="64004" status="PASS">
          <params>
            <param index="0">
              <value>
                <![CDATA[Create User Scenarios]]>
              </value>
            </param>
          </params>
          <reporter-output>
          </reporter-output>
        </test-method> <!-- feature -->
        <test-method is-config="true" signature="tearDownClass()[pri:0, instance:testsuite.DriverScript@ffaa6af]" started-at="2024-01-15T12:41:03 IST" name="tearDownClass" finished-at="2024-01-15T12:41:04 IST" duration-ms="680" status="PASS">
          <reporter-output>
          </reporter-output>
        </test-method> <!-- tearDownClass -->
        <test-method is-config="true" signature="writeExtentReport()[pri:0, instance:testsuite.DriverScript@ffaa6af]" started-at="2024-01-15T12:41:04 IST" name="writeExtentReport" finished-at="2024-01-15T12:41:04 IST" duration-ms="55" status="PASS">
          <reporter-output>
          </reporter-output>
        </test-method> <!-- writeExtentReport -->
      </class> <!-- testsuite.DriverScript -->
    </test> <!-- Scenarios -->
  </suite> <!-- BDD Cucumber -->
</testng-results>
